[2023-10-15 14:03:37,946] ERROR in app: Exception on /createCalculator [POST]
Traceback (most recent call last):
  File "/usr/lib/python3/dist-packages/flask/app.py", line 2447, in wsgi_app
    response = self.full_dispatch_request()
  File "/usr/lib/python3/dist-packages/flask/app.py", line 1952, in full_dispatch_request
    rv = self.handle_user_exception(e)
  File "/home/api/.local/lib/python3.9/site-packages/flask_cors/extension.py", line 176, in wrapped_function
    return cors_after_request(app.make_response(f(*args, **kwargs)))
  File "/usr/lib/python3/dist-packages/flask/app.py", line 1821, in handle_user_exception
    reraise(exc_type, exc_value, tb)
  File "/usr/lib/python3/dist-packages/flask/_compat.py", line 39, in reraise
    raise value
  File "/usr/lib/python3/dist-packages/flask/app.py", line 1950, in full_dispatch_request
    rv = self.dispatch_request()
  File "/usr/lib/python3/dist-packages/flask/app.py", line 1936, in dispatch_request
    return self.view_functions[rule.endpoint](**req.view_args)
  File "/opt/API/api.py", line 319, in createCalculator
    result = functionsDB.doStoredProcedure("createCalculator", args)[0][0][0]
  File "/opt/API/model/functionsDB.py", line 18, in doStoredProcedure
    result = cur.callproc(name, args)
  File "/home/api/.local/lib/python3.9/site-packages/mysql/connector/cursor.py", line 749, in callproc
    for result in self._connection.cmd_query_iter(call):
  File "/home/api/.local/lib/python3.9/site-packages/mysql/connector/connection.py", line 522, in cmd_query_iter
    yield self._handle_result(self._send_cmd(ServerCmd.QUERY, statements))
  File "/home/api/.local/lib/python3.9/site-packages/mysql/connector/connection.py", line 395, in _handle_result
    raise errors.get_exception(packet)
mysql.connector.errors.IntegrityError: 1062 (23000): Duplicate entry 'r8bUKmHHVxEKBHUxvG4kQ+PHj?S7QmaWaqhb' for key 'PRIMARY'
[2023-10-15 14:03:52,611] ERROR in app: Exception on /createCalculator [POST]
Traceback (most recent call last):
  File "/usr/lib/python3/dist-packages/flask/app.py", line 2447, in wsgi_app
    response = self.full_dispatch_request()
  File "/usr/lib/python3/dist-packages/flask/app.py", line 1952, in full_dispatch_request
    rv = self.handle_user_exception(e)
  File "/home/api/.local/lib/python3.9/site-packages/flask_cors/extension.py", line 176, in wrapped_function
    return cors_after_request(app.make_response(f(*args, **kwargs)))
  File "/usr/lib/python3/dist-packages/flask/app.py", line 1821, in handle_user_exception
    reraise(exc_type, exc_value, tb)
  File "/usr/lib/python3/dist-packages/flask/_compat.py", line 39, in reraise
    raise value
  File "/usr/lib/python3/dist-packages/flask/app.py", line 1950, in full_dispatch_request
    rv = self.dispatch_request()
  File "/usr/lib/python3/dist-packages/flask/app.py", line 1936, in dispatch_request
    return self.view_functions[rule.endpoint](**req.view_args)
  File "/opt/API/api.py", line 319, in createCalculator
    result = functionsDB.doStoredProcedure("createCalculator", args)[0][0][0]
  File "/opt/API/model/functionsDB.py", line 18, in doStoredProcedure
    result = cur.callproc(name, args)
  File "/home/api/.local/lib/python3.9/site-packages/mysql/connector/cursor.py", line 749, in callproc
    for result in self._connection.cmd_query_iter(call):
  File "/home/api/.local/lib/python3.9/site-packages/mysql/connector/connection.py", line 522, in cmd_query_iter
    yield self._handle_result(self._send_cmd(ServerCmd.QUERY, statements))
  File "/home/api/.local/lib/python3.9/site-packages/mysql/connector/connection.py", line 395, in _handle_result
    raise errors.get_exception(packet)
mysql.connector.errors.IntegrityError: 1062 (23000): Duplicate entry 'r8bUKmHHVxEKBHUxvG4kQ+PHj?S7QmaWaqhb' for key 'PRIMARY'
[2023-10-15 14:31:14 +0200] [23379] [INFO] Handling signal: term
[2023-10-15 14:31:14 +0200] [23386] [INFO] Worker exiting (pid: 23386)
[2023-10-15 14:31:14 +0200] [23384] [INFO] Worker exiting (pid: 23384)
[2023-10-15 14:31:14 +0200] [23385] [INFO] Worker exiting (pid: 23385)
[2023-10-15 14:31:14 +0200] [23379] [INFO] Shutting down: Master
[2023-10-15 14:31:15 +0200] [25281] [INFO] Starting gunicorn 20.1.0
[2023-10-15 14:31:15 +0200] [25281] [INFO] Listening at: unix:api.sock (25281)
[2023-10-15 14:31:15 +0200] [25281] [INFO] Using worker: sync
[2023-10-15 14:31:15 +0200] [25294] [INFO] Booting worker with pid: 25294
[2023-10-15 14:31:15 +0200] [25295] [INFO] Booting worker with pid: 25295
[2023-10-15 14:31:15 +0200] [25296] [INFO] Booting worker with pid: 25296
[2023-10-15 14:31:28 +0200] [25296] [INFO] Worker exiting (pid: 25296)
[2023-10-15 14:31:28 +0200] [25294] [INFO] Worker exiting (pid: 25294)
[2023-10-15 14:31:28 +0200] [25281] [INFO] Handling signal: term
[2023-10-15 14:31:28 +0200] [25295] [INFO] Worker exiting (pid: 25295)
[2023-10-15 14:31:28 +0200] [25281] [WARNING] Worker with pid 25294 was terminated due to signal 15
[2023-10-15 14:31:28 +0200] [25281] [WARNING] Worker with pid 25296 was terminated due to signal 15
[2023-10-15 14:31:29 +0200] [25281] [INFO] Shutting down: Master
[2023-10-15 14:31:29 +0200] [25363] [INFO] Starting gunicorn 20.1.0
[2023-10-15 14:31:29 +0200] [25363] [INFO] Listening at: unix:api.sock (25363)
[2023-10-15 14:31:29 +0200] [25363] [INFO] Using worker: sync
[2023-10-15 14:31:29 +0200] [25364] [INFO] Booting worker with pid: 25364
[2023-10-15 14:31:29 +0200] [25365] [INFO] Booting worker with pid: 25365
[2023-10-15 14:31:29 +0200] [25366] [INFO] Booting worker with pid: 25366
[2023-10-15 14:32:18 +0200] [25365] [INFO] Worker exiting (pid: 25365)
[2023-10-15 14:32:18 +0200] [25364] [INFO] Worker exiting (pid: 25364)
[2023-10-15 14:32:18 +0200] [25363] [INFO] Handling signal: term
[2023-10-15 14:32:18 +0200] [25366] [INFO] Worker exiting (pid: 25366)
[2023-10-15 14:32:18 +0200] [25363] [WARNING] Worker with pid 25365 was terminated due to signal 15
[2023-10-15 14:32:18 +0200] [25363] [WARNING] Worker with pid 25364 was terminated due to signal 15
[2023-10-15 14:32:18 +0200] [25363] [INFO] Shutting down: Master
[2023-10-17 00:44:57 +0200] [629] [INFO] Starting gunicorn 20.1.0
[2023-10-17 00:44:57 +0200] [629] [INFO] Listening at: unix:api.sock (629)
[2023-10-17 00:44:57 +0200] [629] [INFO] Using worker: sync
[2023-10-17 00:44:57 +0200] [857] [INFO] Booting worker with pid: 857
[2023-10-17 00:44:57 +0200] [866] [INFO] Booting worker with pid: 866
[2023-10-17 00:44:57 +0200] [873] [INFO] Booting worker with pid: 873
[2023-10-17 01:03:16 +0200] [873] [INFO] Worker exiting (pid: 873)
[2023-10-17 01:03:16 +0200] [857] [INFO] Worker exiting (pid: 857)
[2023-10-17 01:03:16 +0200] [629] [INFO] Handling signal: term
[2023-10-17 01:03:16 +0200] [866] [INFO] Worker exiting (pid: 866)
[2023-10-17 01:03:16 +0200] [629] [WARNING] Worker with pid 873 was terminated due to signal 15
[2023-10-17 01:03:16 +0200] [629] [WARNING] Worker with pid 857 was terminated due to signal 15
[2023-10-17 01:03:16 +0200] [629] [INFO] Shutting down: Master
[2023-10-17 01:03:41 +0200] [570] [INFO] Starting gunicorn 20.1.0
[2023-10-17 01:03:41 +0200] [570] [INFO] Listening at: unix:api.sock (570)
[2023-10-17 01:03:41 +0200] [570] [INFO] Using worker: sync
[2023-10-17 01:03:41 +0200] [773] [INFO] Booting worker with pid: 773
[2023-10-17 01:03:41 +0200] [775] [INFO] Booting worker with pid: 775
[2023-10-17 01:03:41 +0200] [777] [INFO] Booting worker with pid: 777
[2023-10-17 01:11:57 +0200] [773] [INFO] Worker exiting (pid: 773)
[2023-10-17 01:11:57 +0200] [570] [INFO] Handling signal: term
[2023-10-17 01:11:57 +0200] [777] [INFO] Worker exiting (pid: 777)
[2023-10-17 01:11:57 +0200] [775] [INFO] Worker exiting (pid: 775)
[2023-10-17 01:11:57 +0200] [570] [WARNING] Worker with pid 773 was terminated due to signal 15
[2023-10-17 01:11:57 +0200] [570] [INFO] Shutting down: Master
[2023-10-17 01:12:23 +0200] [602] [INFO] Starting gunicorn 20.1.0
[2023-10-17 01:12:23 +0200] [602] [INFO] Listening at: unix:api.sock (602)
[2023-10-17 01:12:23 +0200] [602] [INFO] Using worker: sync
[2023-10-17 01:12:23 +0200] [776] [INFO] Booting worker with pid: 776
[2023-10-17 01:12:23 +0200] [789] [INFO] Booting worker with pid: 789
[2023-10-17 01:12:23 +0200] [802] [INFO] Booting worker with pid: 802
[2023-10-17 01:13:42 +0200] [776] [INFO] Worker exiting (pid: 776)
[2023-10-17 01:13:42 +0200] [802] [INFO] Worker exiting (pid: 802)
[2023-10-17 01:13:42 +0200] [602] [INFO] Handling signal: term
[2023-10-17 01:13:42 +0200] [602] [WARNING] Worker with pid 802 was terminated due to signal 15
[2023-10-17 01:13:42 +0200] [789] [INFO] Worker exiting (pid: 789)
[2023-10-17 01:13:42 +0200] [602] [WARNING] Worker with pid 776 was terminated due to signal 15
[2023-10-17 01:13:42 +0200] [602] [INFO] Shutting down: Master
[2023-10-17 01:14:06 +0200] [600] [INFO] Starting gunicorn 20.1.0
[2023-10-17 01:14:06 +0200] [600] [INFO] Listening at: unix:api.sock (600)
[2023-10-17 01:14:06 +0200] [600] [INFO] Using worker: sync
[2023-10-17 01:14:06 +0200] [773] [INFO] Booting worker with pid: 773
[2023-10-17 01:14:06 +0200] [775] [INFO] Booting worker with pid: 775
[2023-10-17 01:14:06 +0200] [780] [INFO] Booting worker with pid: 780
[2023-10-17 01:16:52 +0200] [600] [INFO] Handling signal: term
[2023-10-17 01:16:52 +0200] [780] [INFO] Worker exiting (pid: 780)
[2023-10-17 01:16:52 +0200] [775] [INFO] Worker exiting (pid: 775)
[2023-10-17 01:16:52 +0200] [773] [INFO] Worker exiting (pid: 773)
[2023-10-17 01:16:52 +0200] [600] [WARNING] Worker with pid 773 was terminated due to signal 15
[2023-10-17 01:16:52 +0200] [600] [WARNING] Worker with pid 780 was terminated due to signal 15
[2023-10-17 01:16:52 +0200] [600] [WARNING] Worker with pid 775 was terminated due to signal 15
[2023-10-17 01:16:52 +0200] [600] [INFO] Shutting down: Master
[2023-10-17 01:17:16 +0200] [604] [INFO] Starting gunicorn 20.1.0
[2023-10-17 01:17:16 +0200] [604] [INFO] Listening at: unix:api.sock (604)
[2023-10-17 01:17:16 +0200] [604] [INFO] Using worker: sync
[2023-10-17 01:17:16 +0200] [773] [INFO] Booting worker with pid: 773
[2023-10-17 01:17:16 +0200] [777] [INFO] Booting worker with pid: 777
[2023-10-17 01:17:16 +0200] [790] [INFO] Booting worker with pid: 790
[2023-10-17 01:22:07 +0200] [777] [INFO] Worker exiting (pid: 777)
[2023-10-17 01:22:07 +0200] [604] [INFO] Handling signal: term
[2023-10-17 01:22:07 +0200] [773] [INFO] Worker exiting (pid: 773)
[2023-10-17 01:22:07 +0200] [790] [INFO] Worker exiting (pid: 790)
[2023-10-17 01:22:07 +0200] [604] [WARNING] Worker with pid 777 was terminated due to signal 15
[2023-10-17 01:22:07 +0200] [604] [WARNING] Worker with pid 790 was terminated due to signal 15
[2023-10-17 01:22:07 +0200] [604] [INFO] Shutting down: Master
[2023-10-17 01:22:40 +0200] [615] [INFO] Starting gunicorn 20.1.0
[2023-10-17 01:22:40 +0200] [615] [INFO] Listening at: unix:api.sock (615)
[2023-10-17 01:22:40 +0200] [615] [INFO] Using worker: sync
[2023-10-17 01:22:40 +0200] [811] [INFO] Booting worker with pid: 811
[2023-10-17 01:22:40 +0200] [818] [INFO] Booting worker with pid: 818
[2023-10-17 01:22:40 +0200] [832] [INFO] Booting worker with pid: 832
[2023-10-17 01:24:08,536] ERROR in app: Exception on /getEntidad [POST]
Traceback (most recent call last):
  File "/usr/lib/python3/dist-packages/flask/app.py", line 2447, in wsgi_app
    response = self.full_dispatch_request()
  File "/usr/lib/python3/dist-packages/flask/app.py", line 1952, in full_dispatch_request
    rv = self.handle_user_exception(e)
  File "/home/api/.local/lib/python3.9/site-packages/flask_cors/extension.py", line 176, in wrapped_function
    return cors_after_request(app.make_response(f(*args, **kwargs)))
  File "/usr/lib/python3/dist-packages/flask/app.py", line 1821, in handle_user_exception
    reraise(exc_type, exc_value, tb)
  File "/usr/lib/python3/dist-packages/flask/_compat.py", line 39, in reraise
    raise value
  File "/usr/lib/python3/dist-packages/flask/app.py", line 1950, in full_dispatch_request
    rv = self.dispatch_request()
  File "/usr/lib/python3/dist-packages/flask/app.py", line 1936, in dispatch_request
    return self.view_functions[rule.endpoint](**req.view_args)
  File "/opt/API/api.py", line 1543, in getEntidad
    result= functionsDB.doStoredProcedure("get_entidad", args)[0][0]
IndexError: list index out of range
[2023-10-17 01:44:47 +0200] [615] [INFO] Handling signal: term
[2023-10-17 01:44:47 +0200] [811] [INFO] Worker exiting (pid: 811)
[2023-10-17 01:44:47 +0200] [818] [INFO] Worker exiting (pid: 818)
[2023-10-17 01:44:47 +0200] [832] [INFO] Worker exiting (pid: 832)
[2023-10-17 01:44:47 +0200] [615] [WARNING] Worker with pid 818 was terminated due to signal 15
[2023-10-17 01:44:47 +0200] [615] [WARNING] Worker with pid 832 was terminated due to signal 15
[2023-10-17 01:44:48 +0200] [615] [INFO] Shutting down: Master
[2023-10-17 01:50:25 +0200] [606] [INFO] Starting gunicorn 20.1.0
[2023-10-17 01:50:25 +0200] [606] [INFO] Listening at: unix:api.sock (606)
[2023-10-17 01:50:25 +0200] [606] [INFO] Using worker: sync
[2023-10-17 01:50:25 +0200] [803] [INFO] Booting worker with pid: 803
[2023-10-17 01:50:25 +0200] [811] [INFO] Booting worker with pid: 811
[2023-10-17 01:50:25 +0200] [816] [INFO] Booting worker with pid: 816
[2023-10-17 01:50:48 +0200] [803] [INFO] Worker exiting (pid: 803)
[2023-10-17 01:50:48 +0200] [606] [INFO] Handling signal: term
[2023-10-17 01:50:48 +0200] [811] [INFO] Worker exiting (pid: 811)
[2023-10-17 01:50:48 +0200] [816] [INFO] Worker exiting (pid: 816)
[2023-10-17 01:50:48 +0200] [606] [WARNING] Worker with pid 803 was terminated due to signal 15
[2023-10-17 01:50:48 +0200] [606] [WARNING] Worker with pid 811 was terminated due to signal 15
[2023-10-17 01:50:48 +0200] [606] [WARNING] Worker with pid 816 was terminated due to signal 15
[2023-10-17 01:50:49 +0200] [606] [INFO] Shutting down: Master
[2023-10-17 01:52:22 +0200] [604] [INFO] Starting gunicorn 20.1.0
[2023-10-17 01:52:22 +0200] [604] [INFO] Listening at: unix:api.sock (604)
[2023-10-17 01:52:22 +0200] [604] [INFO] Using worker: sync
[2023-10-17 01:52:22 +0200] [807] [INFO] Booting worker with pid: 807
[2023-10-17 01:52:22 +0200] [808] [INFO] Booting worker with pid: 808
[2023-10-17 01:52:22 +0200] [812] [INFO] Booting worker with pid: 812
[2023-10-17 01:54:51 +0200] [604] [INFO] Handling signal: term
[2023-10-17 01:54:51 +0200] [807] [INFO] Worker exiting (pid: 807)
[2023-10-17 01:54:51 +0200] [808] [INFO] Worker exiting (pid: 808)
[2023-10-17 01:54:51 +0200] [812] [INFO] Worker exiting (pid: 812)
[2023-10-17 01:54:51 +0200] [604] [WARNING] Worker with pid 807 was terminated due to signal 15
[2023-10-17 01:54:51 +0200] [604] [WARNING] Worker with pid 812 was terminated due to signal 15
[2023-10-17 01:54:51 +0200] [604] [WARNING] Worker with pid 808 was terminated due to signal 15
[2023-10-17 01:54:51 +0200] [604] [INFO] Shutting down: Master
[2023-10-17 01:55:26 +0200] [593] [INFO] Starting gunicorn 20.1.0
[2023-10-17 01:55:26 +0200] [593] [INFO] Listening at: unix:api.sock (593)
[2023-10-17 01:55:26 +0200] [593] [INFO] Using worker: sync
[2023-10-17 01:55:26 +0200] [806] [INFO] Booting worker with pid: 806
[2023-10-17 01:55:26 +0200] [813] [INFO] Booting worker with pid: 813
[2023-10-17 01:55:26 +0200] [826] [INFO] Booting worker with pid: 826
[2023-10-17 01:57:06 +0200] [593] [INFO] Handling signal: term
[2023-10-17 01:57:06 +0200] [826] [INFO] Worker exiting (pid: 826)
[2023-10-17 01:57:06 +0200] [806] [INFO] Worker exiting (pid: 806)
[2023-10-17 01:57:06 +0200] [813] [INFO] Worker exiting (pid: 813)
[2023-10-17 01:57:07 +0200] [593] [INFO] Shutting down: Master
[2023-10-17 01:57:40 +0200] [630] [INFO] Starting gunicorn 20.1.0
[2023-10-17 01:57:40 +0200] [630] [INFO] Listening at: unix:api.sock (630)
[2023-10-17 01:57:40 +0200] [630] [INFO] Using worker: sync
[2023-10-17 01:57:40 +0200] [809] [INFO] Booting worker with pid: 809
[2023-10-17 01:57:40 +0200] [831] [INFO] Booting worker with pid: 831
[2023-10-17 01:57:40 +0200] [854] [INFO] Booting worker with pid: 854
[2023-10-17 02:20:27 +0200] [630] [INFO] Handling signal: term
[2023-10-17 02:20:27 +0200] [809] [INFO] Worker exiting (pid: 809)
[2023-10-17 02:20:27 +0200] [831] [INFO] Worker exiting (pid: 831)
[2023-10-17 02:20:27 +0200] [854] [INFO] Worker exiting (pid: 854)
[2023-10-17 02:20:27 +0200] [630] [WARNING] Worker with pid 854 was terminated due to signal 15
[2023-10-17 02:20:27 +0200] [630] [INFO] Shutting down: Master
[2023-10-17 02:21:04 +0200] [599] [INFO] Starting gunicorn 20.1.0
[2023-10-17 02:21:04 +0200] [599] [INFO] Listening at: unix:api.sock (599)
[2023-10-17 02:21:04 +0200] [599] [INFO] Using worker: sync
[2023-10-17 02:21:04 +0200] [802] [INFO] Booting worker with pid: 802
[2023-10-17 02:21:04 +0200] [804] [INFO] Booting worker with pid: 804
[2023-10-17 02:21:04 +0200] [811] [INFO] Booting worker with pid: 811
[2023-10-17 03:23:25 +0200] [802] [INFO] Worker exiting (pid: 802)
[2023-10-17 03:23:25 +0200] [599] [INFO] Handling signal: term
[2023-10-17 03:23:25 +0200] [811] [INFO] Worker exiting (pid: 811)
[2023-10-17 03:23:25 +0200] [804] [INFO] Worker exiting (pid: 804)
[2023-10-17 03:23:25 +0200] [599] [WARNING] Worker with pid 802 was terminated due to signal 15
[2023-10-17 03:23:25 +0200] [599] [WARNING] Worker with pid 804 was terminated due to signal 15
[2023-10-17 03:23:25 +0200] [599] [WARNING] Worker with pid 811 was terminated due to signal 15
[2023-10-17 03:23:25 +0200] [599] [INFO] Shutting down: Master
[2023-10-17 03:25:36 +0200] [611] [INFO] Starting gunicorn 20.1.0
[2023-10-17 03:25:36 +0200] [611] [INFO] Listening at: unix:api.sock (611)
[2023-10-17 03:25:36 +0200] [611] [INFO] Using worker: sync
[2023-10-17 03:25:36 +0200] [806] [INFO] Booting worker with pid: 806
[2023-10-17 03:25:36 +0200] [808] [INFO] Booting worker with pid: 808
[2023-10-17 03:25:36 +0200] [812] [INFO] Booting worker with pid: 812
[2023-10-17 03:26:20 +0200] [808] [INFO] Worker exiting (pid: 808)
[2023-10-17 03:26:20 +0200] [806] [INFO] Worker exiting (pid: 806)
[2023-10-17 03:26:20 +0200] [611] [INFO] Handling signal: term
[2023-10-17 03:26:20 +0200] [812] [INFO] Worker exiting (pid: 812)
[2023-10-17 03:26:20 +0200] [611] [WARNING] Worker with pid 808 was terminated due to signal 15
[2023-10-17 03:26:20 +0200] [611] [WARNING] Worker with pid 812 was terminated due to signal 15
[2023-10-17 03:26:20 +0200] [611] [WARNING] Worker with pid 806 was terminated due to signal 15
[2023-10-17 03:26:20 +0200] [611] [INFO] Shutting down: Master
[2023-10-17 13:44:57 +0200] [617] [INFO] Starting gunicorn 20.1.0
[2023-10-17 13:44:57 +0200] [617] [INFO] Listening at: unix:api.sock (617)
[2023-10-17 13:44:57 +0200] [617] [INFO] Using worker: sync
[2023-10-17 13:44:57 +0200] [849] [INFO] Booting worker with pid: 849
[2023-10-17 13:44:58 +0200] [860] [INFO] Booting worker with pid: 860
[2023-10-17 13:44:58 +0200] [863] [INFO] Booting worker with pid: 863
[2023-10-17 14:00:16 +0200] [617] [INFO] Handling signal: term
[2023-10-17 14:00:16 +0200] [863] [INFO] Worker exiting (pid: 863)
[2023-10-17 14:00:16 +0200] [860] [INFO] Worker exiting (pid: 860)
[2023-10-17 14:00:16 +0200] [849] [INFO] Worker exiting (pid: 849)
[2023-10-17 14:00:16 +0200] [617] [INFO] Shutting down: Master
[2023-10-17 14:00:43 +0200] [610] [INFO] Starting gunicorn 20.1.0
[2023-10-17 14:00:43 +0200] [610] [INFO] Listening at: unix:api.sock (610)
[2023-10-17 14:00:43 +0200] [610] [INFO] Using worker: sync
[2023-10-17 14:00:43 +0200] [809] [INFO] Booting worker with pid: 809
[2023-10-17 14:00:43 +0200] [816] [INFO] Booting worker with pid: 816
[2023-10-17 14:00:43 +0200] [828] [INFO] Booting worker with pid: 828
[2023-10-17 14:52:55 +0200] [610] [INFO] Handling signal: term
[2023-10-17 14:52:55 +0200] [828] [INFO] Worker exiting (pid: 828)
[2023-10-17 14:52:55 +0200] [809] [INFO] Worker exiting (pid: 809)
[2023-10-17 14:52:55 +0200] [816] [INFO] Worker exiting (pid: 816)
[2023-10-17 14:52:55 +0200] [610] [WARNING] Worker with pid 809 was terminated due to signal 15
[2023-10-17 14:52:55 +0200] [610] [WARNING] Worker with pid 816 was terminated due to signal 15
[2023-10-17 14:52:55 +0200] [610] [WARNING] Worker with pid 828 was terminated due to signal 15
[2023-10-17 14:52:55 +0200] [610] [INFO] Shutting down: Master
[2023-10-25 17:45:50 +0200] [620] [INFO] Starting gunicorn 20.1.0
[2023-10-25 17:45:50 +0200] [620] [INFO] Listening at: unix:api.sock (620)
[2023-10-25 17:45:50 +0200] [620] [INFO] Using worker: sync
[2023-10-25 17:45:50 +0200] [885] [INFO] Booting worker with pid: 885
[2023-10-25 17:45:50 +0200] [887] [INFO] Booting worker with pid: 887
[2023-10-25 17:45:50 +0200] [890] [INFO] Booting worker with pid: 890
[2023-10-25 17:52:52 +0200] [548] [INFO] Starting gunicorn 20.1.0
[2023-10-25 17:52:52 +0200] [548] [INFO] Listening at: unix:api.sock (548)
[2023-10-25 17:52:52 +0200] [548] [INFO] Using worker: sync
[2023-10-25 17:52:52 +0200] [812] [INFO] Booting worker with pid: 812
[2023-10-25 17:52:53 +0200] [820] [INFO] Booting worker with pid: 820
[2023-10-25 17:52:53 +0200] [827] [INFO] Booting worker with pid: 827
[2023-10-25 20:19:38,274] ERROR in app: Exception on /getCalcsInfo [POST]
Traceback (most recent call last):
  File "/usr/lib/python3/dist-packages/flask/app.py", line 2447, in wsgi_app
    response = self.full_dispatch_request()
  File "/usr/lib/python3/dist-packages/flask/app.py", line 1952, in full_dispatch_request
    rv = self.handle_user_exception(e)
  File "/home/api/.local/lib/python3.9/site-packages/flask_cors/extension.py", line 176, in wrapped_function
    return cors_after_request(app.make_response(f(*args, **kwargs)))
  File "/usr/lib/python3/dist-packages/flask/app.py", line 1821, in handle_user_exception
    reraise(exc_type, exc_value, tb)
  File "/usr/lib/python3/dist-packages/flask/_compat.py", line 39, in reraise
    raise value
  File "/usr/lib/python3/dist-packages/flask/app.py", line 1950, in full_dispatch_request
    rv = self.dispatch_request()
  File "/usr/lib/python3/dist-packages/flask/app.py", line 1936, in dispatch_request
    return self.view_functions[rule.endpoint](**req.view_args)
  File "/opt/API/api.py", line 436, in getCalcsInfo
    user = info["user"]
KeyError: 'user'
[2023-10-26 01:34:26 +0200] [548] [CRITICAL] WORKER TIMEOUT (pid:812)
[2023-10-26 01:34:26 +0200] [548] [CRITICAL] WORKER TIMEOUT (pid:820)
[2023-10-26 01:34:26 +0200] [548] [CRITICAL] WORKER TIMEOUT (pid:827)
[2023-10-26 01:34:26 +0200] [812] [INFO] Worker exiting (pid: 812)
[2023-10-26 01:34:26 +0200] [820] [INFO] Worker exiting (pid: 820)
[2023-10-26 01:34:26 +0200] [827] [INFO] Worker exiting (pid: 827)
[2023-10-26 01:34:26 +0200] [548] [WARNING] Worker with pid 812 was terminated due to signal 9
[2023-10-26 01:34:26 +0200] [10546] [INFO] Booting worker with pid: 10546
[2023-10-26 01:34:26 +0200] [548] [WARNING] Worker with pid 827 was terminated due to signal 9
[2023-10-26 01:34:26 +0200] [10550] [INFO] Booting worker with pid: 10550
[2023-10-26 01:34:26 +0200] [10551] [INFO] Booting worker with pid: 10551
[2023-10-26 01:35:03 +0200] [10550] [INFO] Worker exiting (pid: 10550)
[2023-10-26 01:35:03 +0200] [10551] [INFO] Worker exiting (pid: 10551)
[2023-10-26 01:35:03 +0200] [548] [INFO] Handling signal: term
[2023-10-26 01:35:03 +0200] [10546] [INFO] Worker exiting (pid: 10546)
[2023-10-26 01:35:03 +0200] [548] [WARNING] Worker with pid 10550 was terminated due to signal 15
[2023-10-26 01:35:03 +0200] [548] [WARNING] Worker with pid 10551 was terminated due to signal 15
[2023-10-26 01:35:04 +0200] [548] [INFO] Shutting down: Master
[2023-10-26 01:37:47 +0200] [585] [INFO] Starting gunicorn 20.1.0
[2023-10-26 01:37:47 +0200] [585] [INFO] Listening at: unix:api.sock (585)
[2023-10-26 01:37:47 +0200] [585] [INFO] Using worker: sync
[2023-10-26 01:37:47 +0200] [801] [INFO] Booting worker with pid: 801
[2023-10-26 01:37:47 +0200] [802] [INFO] Booting worker with pid: 802
[2023-10-26 01:37:47 +0200] [803] [INFO] Booting worker with pid: 803
[2023-10-26 04:19:49,700] ERROR in app: Exception on /getEntidad [POST]
Traceback (most recent call last):
  File "/usr/lib/python3/dist-packages/flask/app.py", line 2447, in wsgi_app
    response = self.full_dispatch_request()
  File "/usr/lib/python3/dist-packages/flask/app.py", line 1952, in full_dispatch_request
    rv = self.handle_user_exception(e)
  File "/home/api/.local/lib/python3.9/site-packages/flask_cors/extension.py", line 176, in wrapped_function
    return cors_after_request(app.make_response(f(*args, **kwargs)))
  File "/usr/lib/python3/dist-packages/flask/app.py", line 1821, in handle_user_exception
    reraise(exc_type, exc_value, tb)
  File "/usr/lib/python3/dist-packages/flask/_compat.py", line 39, in reraise
    raise value
  File "/usr/lib/python3/dist-packages/flask/app.py", line 1950, in full_dispatch_request
    rv = self.dispatch_request()
  File "/usr/lib/python3/dist-packages/flask/app.py", line 1936, in dispatch_request
    return self.view_functions[rule.endpoint](**req.view_args)
  File "/opt/API/api.py", line 1543, in getEntidad
    result= functionsDB.doStoredProcedure("get_entidad", args)[0][0]
IndexError: list index out of range
[2023-10-26 04:20:25,510] ERROR in app: Exception on /getEntidad [POST]
Traceback (most recent call last):
  File "/usr/lib/python3/dist-packages/flask/app.py", line 2447, in wsgi_app
    response = self.full_dispatch_request()
  File "/usr/lib/python3/dist-packages/flask/app.py", line 1952, in full_dispatch_request
    rv = self.handle_user_exception(e)
  File "/home/api/.local/lib/python3.9/site-packages/flask_cors/extension.py", line 176, in wrapped_function
    return cors_after_request(app.make_response(f(*args, **kwargs)))
  File "/usr/lib/python3/dist-packages/flask/app.py", line 1821, in handle_user_exception
    reraise(exc_type, exc_value, tb)
  File "/usr/lib/python3/dist-packages/flask/_compat.py", line 39, in reraise
    raise value
  File "/usr/lib/python3/dist-packages/flask/app.py", line 1950, in full_dispatch_request
    rv = self.dispatch_request()
  File "/usr/lib/python3/dist-packages/flask/app.py", line 1936, in dispatch_request
    return self.view_functions[rule.endpoint](**req.view_args)
  File "/opt/API/api.py", line 1543, in getEntidad
    result= functionsDB.doStoredProcedure("get_entidad", args)[0][0]
IndexError: list index out of range
[2023-10-26 04:25:43 +0200] [585] [INFO] Handling signal: term
[2023-10-26 04:25:43 +0200] [801] [INFO] Worker exiting (pid: 801)
[2023-10-26 04:25:43 +0200] [803] [INFO] Worker exiting (pid: 803)
[2023-10-26 04:25:43 +0200] [585] [WARNING] Worker with pid 801 was terminated due to signal 15
[2023-10-26 04:25:43 +0200] [802] [INFO] Worker exiting (pid: 802)
[2023-10-26 04:25:43 +0200] [585] [INFO] Shutting down: Master
[2023-10-26 10:46:17 +0200] [593] [INFO] Starting gunicorn 20.1.0
[2023-10-26 10:46:17 +0200] [593] [INFO] Listening at: unix:api.sock (593)
[2023-10-26 10:46:17 +0200] [593] [INFO] Using worker: sync
[2023-10-26 10:46:17 +0200] [847] [INFO] Booting worker with pid: 847
[2023-10-26 10:46:17 +0200] [852] [INFO] Booting worker with pid: 852
[2023-10-26 10:46:18 +0200] [876] [INFO] Booting worker with pid: 876
[2023-10-26 11:43:04 +0200] [593] [CRITICAL] WORKER TIMEOUT (pid:847)
[2023-10-26 11:43:04 +0200] [593] [CRITICAL] WORKER TIMEOUT (pid:852)
[2023-10-26 11:43:04 +0200] [593] [CRITICAL] WORKER TIMEOUT (pid:876)
[2023-10-26 11:43:04 +0200] [852] [INFO] Worker exiting (pid: 852)
[2023-10-26 11:43:04 +0200] [847] [INFO] Worker exiting (pid: 847)
[2023-10-26 11:43:04 +0200] [876] [INFO] Worker exiting (pid: 876)
[2023-10-26 11:43:04 +0200] [4207] [INFO] Booting worker with pid: 4207
[2023-10-26 11:43:04 +0200] [4208] [INFO] Booting worker with pid: 4208
[2023-10-26 11:43:04 +0200] [4209] [INFO] Booting worker with pid: 4209
[2023-10-26 11:43:12 +0200] [593] [INFO] Handling signal: term
[2023-10-26 11:43:12 +0200] [4209] [INFO] Worker exiting (pid: 4209)
[2023-10-26 11:43:12 +0200] [4208] [INFO] Worker exiting (pid: 4208)
[2023-10-26 11:43:12 +0200] [4207] [INFO] Worker exiting (pid: 4207)
[2023-10-26 11:43:12 +0200] [593] [WARNING] Worker with pid 4208 was terminated due to signal 15
[2023-10-26 11:43:12 +0200] [593] [WARNING] Worker with pid 4209 was terminated due to signal 15
[2023-10-26 11:43:12 +0200] [593] [WARNING] Worker with pid 4207 was terminated due to signal 15
[2023-10-26 11:43:12 +0200] [593] [INFO] Shutting down: Master
[2023-10-27 01:09:45 +0200] [632] [INFO] Starting gunicorn 20.1.0
[2023-10-27 01:09:45 +0200] [632] [INFO] Listening at: unix:api.sock (632)
[2023-10-27 01:09:45 +0200] [632] [INFO] Using worker: sync
[2023-10-27 01:09:45 +0200] [887] [INFO] Booting worker with pid: 887
[2023-10-27 01:09:45 +0200] [890] [INFO] Booting worker with pid: 890
[2023-10-27 01:09:45 +0200] [896] [INFO] Booting worker with pid: 896
[2023-10-27 03:37:06 +0200] [632] [INFO] Handling signal: term
[2023-10-27 03:37:06 +0200] [896] [INFO] Worker exiting (pid: 896)
[2023-10-27 03:37:06 +0200] [887] [INFO] Worker exiting (pid: 887)
[2023-10-27 03:37:06 +0200] [890] [INFO] Worker exiting (pid: 890)
[2023-10-27 03:37:06 +0200] [632] [WARNING] Worker with pid 896 was terminated due to signal 15
[2023-10-27 03:37:06 +0200] [632] [INFO] Shutting down: Master
[2023-10-27 13:03:03 +0200] [569] [INFO] Starting gunicorn 20.1.0
[2023-10-27 13:03:03 +0200] [569] [INFO] Listening at: unix:api.sock (569)
[2023-10-27 13:03:03 +0200] [569] [INFO] Using worker: sync
[2023-10-27 13:03:03 +0200] [853] [INFO] Booting worker with pid: 853
[2023-10-27 13:03:03 +0200] [861] [INFO] Booting worker with pid: 861
[2023-10-27 13:03:03 +0200] [887] [INFO] Booting worker with pid: 887
[2023-10-27 14:12:12,471] ERROR in app: Exception on /getEntidad [POST]
Traceback (most recent call last):
  File "/usr/lib/python3/dist-packages/flask/app.py", line 2447, in wsgi_app
    response = self.full_dispatch_request()
  File "/usr/lib/python3/dist-packages/flask/app.py", line 1952, in full_dispatch_request
    rv = self.handle_user_exception(e)
  File "/home/api/.local/lib/python3.9/site-packages/flask_cors/extension.py", line 176, in wrapped_function
    return cors_after_request(app.make_response(f(*args, **kwargs)))
  File "/usr/lib/python3/dist-packages/flask/app.py", line 1821, in handle_user_exception
    reraise(exc_type, exc_value, tb)
  File "/usr/lib/python3/dist-packages/flask/_compat.py", line 39, in reraise
    raise value
  File "/usr/lib/python3/dist-packages/flask/app.py", line 1950, in full_dispatch_request
    rv = self.dispatch_request()
  File "/usr/lib/python3/dist-packages/flask/app.py", line 1936, in dispatch_request
    return self.view_functions[rule.endpoint](**req.view_args)
  File "/opt/API/api.py", line 1543, in getEntidad
    result= functionsDB.doStoredProcedure("get_entidad", args)[0][0]
IndexError: list index out of range
[2023-10-27 14:59:15 +0200] [584] [INFO] Starting gunicorn 20.1.0
[2023-10-27 14:59:15 +0200] [584] [INFO] Listening at: unix:api.sock (584)
[2023-10-27 14:59:15 +0200] [584] [INFO] Using worker: sync
[2023-10-27 14:59:15 +0200] [821] [INFO] Booting worker with pid: 821
[2023-10-27 14:59:15 +0200] [826] [INFO] Booting worker with pid: 826
[2023-10-27 14:59:15 +0200] [852] [INFO] Booting worker with pid: 852
[2023-10-27 17:20:09 +0200] [584] [CRITICAL] WORKER TIMEOUT (pid:821)
[2023-10-27 17:20:09 +0200] [584] [CRITICAL] WORKER TIMEOUT (pid:826)
[2023-10-27 17:20:09 +0200] [584] [CRITICAL] WORKER TIMEOUT (pid:852)
[2023-10-27 17:20:09 +0200] [821] [INFO] Worker exiting (pid: 821)
[2023-10-27 17:20:09 +0200] [826] [INFO] Worker exiting (pid: 826)
[2023-10-27 17:20:09 +0200] [852] [INFO] Worker exiting (pid: 852)
[2023-10-27 17:20:09 +0200] [584] [WARNING] Worker with pid 852 was terminated due to signal 9
[2023-10-27 17:20:09 +0200] [3205] [INFO] Booting worker with pid: 3205
[2023-10-27 17:20:09 +0200] [3206] [INFO] Booting worker with pid: 3206
[2023-10-27 17:20:09 +0200] [3207] [INFO] Booting worker with pid: 3207
[2023-11-02 17:51:54 +0100] [584] [CRITICAL] WORKER TIMEOUT (pid:3205)
[2023-11-02 17:51:54 +0100] [584] [CRITICAL] WORKER TIMEOUT (pid:3206)
[2023-11-02 17:51:54 +0100] [584] [CRITICAL] WORKER TIMEOUT (pid:3207)
[2023-11-02 17:51:54 +0100] [3207] [INFO] Worker exiting (pid: 3207)
[2023-11-02 17:51:54 +0100] [3206] [INFO] Worker exiting (pid: 3206)
[2023-11-02 17:51:54 +0100] [3205] [INFO] Worker exiting (pid: 3205)
[2023-11-02 17:51:54 +0100] [584] [WARNING] Worker with pid 3207 was terminated due to signal 9
[2023-11-02 17:51:54 +0100] [6131] [INFO] Booting worker with pid: 6131
[2023-11-02 17:51:54 +0100] [584] [WARNING] Worker with pid 3205 was terminated due to signal 9
[2023-11-02 17:51:55 +0100] [6170] [INFO] Booting worker with pid: 6170
[2023-11-02 17:51:55 +0100] [6183] [INFO] Booting worker with pid: 6183
[2023-11-02 19:28:10 +0100] [6183] [INFO] Worker exiting (pid: 6183)
[2023-11-02 19:28:10 +0100] [6170] [INFO] Worker exiting (pid: 6170)
[2023-11-02 19:28:10 +0100] [584] [INFO] Handling signal: term
[2023-11-02 19:28:10 +0100] [6131] [INFO] Worker exiting (pid: 6131)
[2023-11-02 19:28:10 +0100] [584] [WARNING] Worker with pid 6170 was terminated due to signal 15
[2023-11-02 19:28:10 +0100] [584] [WARNING] Worker with pid 6183 was terminated due to signal 15
[2023-11-02 19:28:10 +0100] [584] [INFO] Shutting down: Master
[2023-11-03 04:57:43 +0100] [615] [INFO] Starting gunicorn 20.1.0
[2023-11-03 04:57:43 +0100] [615] [INFO] Listening at: unix:api.sock (615)
[2023-11-03 04:57:43 +0100] [615] [INFO] Using worker: sync
[2023-11-03 04:57:43 +0100] [864] [INFO] Booting worker with pid: 864
[2023-11-03 04:57:43 +0100] [870] [INFO] Booting worker with pid: 870
[2023-11-03 04:57:43 +0100] [880] [INFO] Booting worker with pid: 880
[2023-11-05 00:02:35 +0100] [627] [INFO] Starting gunicorn 20.1.0
[2023-11-05 00:02:35 +0100] [627] [INFO] Listening at: unix:api.sock (627)
[2023-11-05 00:02:35 +0100] [627] [INFO] Using worker: sync
[2023-11-05 00:02:35 +0100] [831] [INFO] Booting worker with pid: 831
[2023-11-05 00:02:35 +0100] [839] [INFO] Booting worker with pid: 839
[2023-11-05 00:02:35 +0100] [840] [INFO] Booting worker with pid: 840
[2023-11-05 00:41:34 +0100] [627] [INFO] Handling signal: term
[2023-11-05 00:41:34 +0100] [831] [INFO] Worker exiting (pid: 831)
[2023-11-05 00:41:34 +0100] [839] [INFO] Worker exiting (pid: 839)
[2023-11-05 00:41:34 +0100] [840] [INFO] Worker exiting (pid: 840)
[2023-11-05 00:41:34 +0100] [627] [INFO] Shutting down: Master
[2023-11-05 00:44:20 +0100] [611] [INFO] Starting gunicorn 20.1.0
[2023-11-05 00:44:20 +0100] [611] [INFO] Listening at: unix:api.sock (611)
[2023-11-05 00:44:20 +0100] [611] [INFO] Using worker: sync
[2023-11-05 00:44:20 +0100] [772] [INFO] Booting worker with pid: 772
[2023-11-05 00:44:20 +0100] [779] [INFO] Booting worker with pid: 779
[2023-11-05 00:44:20 +0100] [804] [INFO] Booting worker with pid: 804
[2023-11-05 01:06:34 +0100] [611] [INFO] Handling signal: term
[2023-11-05 01:06:34 +0100] [779] [INFO] Worker exiting (pid: 779)
[2023-11-05 01:06:34 +0100] [804] [INFO] Worker exiting (pid: 804)
[2023-11-05 01:06:34 +0100] [772] [INFO] Worker exiting (pid: 772)
[2023-11-05 01:06:34 +0100] [611] [WARNING] Worker with pid 779 was terminated due to signal 15
[2023-11-05 01:06:34 +0100] [611] [WARNING] Worker with pid 804 was terminated due to signal 15
[2023-11-05 01:06:34 +0100] [611] [WARNING] Worker with pid 772 was terminated due to signal 15
[2023-11-05 01:06:34 +0100] [611] [INFO] Shutting down: Master
[2023-11-05 01:08:25 +0100] [610] [INFO] Starting gunicorn 20.1.0
[2023-11-05 01:08:25 +0100] [610] [INFO] Listening at: unix:api.sock (610)
[2023-11-05 01:08:25 +0100] [610] [INFO] Using worker: sync
[2023-11-05 01:08:25 +0100] [800] [INFO] Booting worker with pid: 800
[2023-11-05 01:08:26 +0100] [815] [INFO] Booting worker with pid: 815
[2023-11-05 01:08:26 +0100] [822] [INFO] Booting worker with pid: 822
[2023-11-05 01:14:23 +0100] [610] [INFO] Handling signal: term
[2023-11-05 01:14:23 +0100] [800] [INFO] Worker exiting (pid: 800)
[2023-11-05 01:14:23 +0100] [815] [INFO] Worker exiting (pid: 815)
[2023-11-05 01:14:23 +0100] [822] [INFO] Worker exiting (pid: 822)
[2023-11-05 01:14:23 +0100] [610] [WARNING] Worker with pid 800 was terminated due to signal 15
[2023-11-05 01:14:23 +0100] [610] [WARNING] Worker with pid 822 was terminated due to signal 15
[2023-11-05 01:14:23 +0100] [610] [WARNING] Worker with pid 815 was terminated due to signal 15
[2023-11-05 01:14:23 +0100] [610] [INFO] Shutting down: Master
[2023-11-06 04:04:58 +0100] [618] [INFO] Starting gunicorn 20.1.0
[2023-11-06 04:04:58 +0100] [618] [INFO] Listening at: unix:api.sock (618)
[2023-11-06 04:04:58 +0100] [618] [INFO] Using worker: sync
[2023-11-06 04:04:58 +0100] [859] [INFO] Booting worker with pid: 859
[2023-11-06 04:04:58 +0100] [850] [INFO] Booting worker with pid: 850
[2023-11-06 04:04:58 +0100] [870] [INFO] Booting worker with pid: 870
[2023-11-06 04:13:34 +0100] [618] [INFO] Handling signal: term
[2023-11-06 04:13:34 +0100] [859] [INFO] Worker exiting (pid: 859)
[2023-11-06 04:13:34 +0100] [850] [INFO] Worker exiting (pid: 850)
[2023-11-06 04:13:34 +0100] [870] [INFO] Worker exiting (pid: 870)
[2023-11-06 04:13:35 +0100] [618] [INFO] Shutting down: Master
[2023-11-06 04:14:57 +0100] [605] [INFO] Starting gunicorn 20.1.0
[2023-11-06 04:14:57 +0100] [605] [INFO] Listening at: unix:api.sock (605)
[2023-11-06 04:14:57 +0100] [605] [INFO] Using worker: sync
[2023-11-06 04:14:57 +0100] [766] [INFO] Booting worker with pid: 766
[2023-11-06 04:14:57 +0100] [767] [INFO] Booting worker with pid: 767
[2023-11-06 04:14:57 +0100] [768] [INFO] Booting worker with pid: 768
[2023-11-06 04:18:54 +0100] [605] [INFO] Handling signal: term
[2023-11-06 04:18:54 +0100] [768] [INFO] Worker exiting (pid: 768)
[2023-11-06 04:18:54 +0100] [766] [INFO] Worker exiting (pid: 766)
[2023-11-06 04:18:54 +0100] [767] [INFO] Worker exiting (pid: 767)
[2023-11-06 04:18:54 +0100] [605] [INFO] Shutting down: Master
[2023-11-06 04:21:36 +0100] [603] [INFO] Starting gunicorn 20.1.0
[2023-11-06 04:21:36 +0100] [603] [INFO] Listening at: unix:api.sock (603)
[2023-11-06 04:21:36 +0100] [603] [INFO] Using worker: sync
[2023-11-06 04:21:36 +0100] [763] [INFO] Booting worker with pid: 763
[2023-11-06 04:21:36 +0100] [775] [INFO] Booting worker with pid: 775
[2023-11-06 04:21:36 +0100] [777] [INFO] Booting worker with pid: 777
