[2023-12-12 00:04:41.994655] - /getCalcsInfo
  |--> Entrada: ['']
  |--> Llamado desde: [Sin informacion]
  |--> Llamado por: [Sin informacion]
  |--> Salida: []
[2023-12-12 00:04:42.021536] - /getUserEntities
  |--> Entrada: ['']
  |--> Llamado desde: [Sin informacion]
  |--> Llamado por: [Sin informacion]
  |--> Salida: []
[2023-12-12 00:04:42.041063] - /getUserEntities
  |--> Entrada: ['']
  |--> Llamado desde: [Sin informacion]
  |--> Llamado por: [Sin informacion]
  |--> Salida: []
[2023-12-12 00:04:42.055978] - /getUserEntities
  |--> Entrada: ['']
  |--> Llamado desde: [Sin informacion]
  |--> Llamado por: [Sin informacion]
  |--> Salida: []
[2023-12-12 00:06:56.081486] - /getCalcsInfo
  |--> Entrada: ['']
  |--> Llamado desde: [Sin informacion]
  |--> Llamado por: [Sin informacion]
  |--> Salida: []
[2023-12-12 00:06:56.099129] - /getUserEntities
  |--> Entrada: ['']
  |--> Llamado desde: [Sin informacion]
  |--> Llamado por: [Sin informacion]
  |--> Salida: []
[2023-12-12 00:06:56.113168] - /getUserEntities
  |--> Entrada: ['']
  |--> Llamado desde: [Sin informacion]
  |--> Llamado por: [Sin informacion]
  |--> Salida: []
[2023-12-12 00:06:56.129519] - /getUserEntities
  |--> Entrada: ['']
  |--> Llamado desde: [Sin informacion]
  |--> Llamado por: [Sin informacion]
  |--> Salida: []
